<?xml version="1.0" encoding="UTF-8"?>
<!-- Generated by org.testng.reporters.JUnitXMLReporter -->
<testsuite ignored="2" hostname="DESKTOP-8VC3154" failures="0" tests="2" name="Test" time="5.769" errors="0" timestamp="2024-11-22T19:43:14 IST">
  <testcase classname="httpmethodpkg.testnghttp" name="post" time="4.31"/>
  <testcase classname="httpmethodpkg.testnghttp" name="get" time="1.249"/>
  <testcase classname="httpmethodpkg.testnghttp" name="put" time="0.0">
    <ignored/>
  </testcase> <!-- put -->
  <testcase classname="httpmethodpkg.testnghttp" name="delete" time="0.0">
    <ignored/>
  </testcase> <!-- delete -->
</testsuite> <!-- Test -->
